<?xml version="1.0" encoding="UTF-8"?>
<!-- Generated by org.testng.reporters.JUnitXMLReporter -->
<testsuite ignored="3" hostname="LAP132PC" failures="0" tests="4" name="groupingtests" time="0.063" errors="0" timestamp="2025-12-15T15:04:21 PKT">
  <testcase classname="com.example.testgrouping.loginTests" name="loginByEmail" time="0.005"/>
  <testcase classname="com.example.testgrouping.loginTests" name="loginByFacebook" time="0.0"/>
  <testcase classname="com.example.testgrouping.paymenttests" name="paymentinruppees" time="0.0"/>
  <testcase classname="com.example.testgrouping.paymenttests" name="paymentindollars" time="0.001"/>
  <testcase classname="com.example.testgrouping.signupTests" name="signupByEmail" time="0.0">
    <ignored/>
  </testcase> <!-- signupByEmail -->
  <testcase classname="com.example.testgrouping.signupTests" name="signupByFacebook" time="0.0">
    <ignored/>
  </testcase> <!-- signupByFacebook -->
  <testcase classname="com.example.testgrouping.signupTests" name="signupByTwitter" time="0.0">
    <ignored/>
  </testcase> <!-- signupByTwitter -->
</testsuite> <!-- groupingtests -->
