<?xml version="1.0" encoding="UTF-8"?>
<!-- Generated by org.testng.reporters.JUnitXMLReporter -->
<testsuite ignored="0" hostname="LAP132PC" failures="1" tests="1" name="Surefire test" time="0.076" errors="0" timestamp="2025-11-05T18:09:22 PKT">
  <testcase classname="com.example.AppTest" name="shouldAnswerWithTrue" time="0.024">
    <failure type="java.lang.AssertionError" message="Sum should be 5 expected [5] but found [9]">
      <![CDATA[java.lang.AssertionError: Sum should be 5 expected [5] but found [9]
at com.example.AppTest.shouldAnswerWithTrue(AppTest.java:23)
at java.base/java.util.ArrayList.forEach(ArrayList.java:1511)
... Removed 38 stack frames]]>
    </failure>
  </testcase> <!-- shouldAnswerWithTrue -->
</testsuite> <!-- Surefire test -->
