-------------------------------------------------------------------------------
Test set: com.example.AppTest
-------------------------------------------------------------------------------
Tests run: 1, Failures: 1, Errors: 0, Skipped: 0, Time elapsed: 0.596 s <<< FAILURE! - in com.example.AppTest
shouldAnswerWithTrue(com.example.AppTest)  Time elapsed: 0.031 s  <<< FAILURE!
java.lang.AssertionError: Sum should be 5 expected [5] but found [9]
	at com.example.AppTest.shouldAnswerWithTrue(AppTest.java:23)

