<?xml version="1.0" encoding="UTF-8"?>
<!-- Generated by org.testng.reporters.JUnitReportReporter -->
<testsuite hostname="LAP132PC" failures="0" tests="2" name="com.example.testgrouping.paymenttests" time="0.001" errors="0" timestamp="2025-12-15T15:04:21 PKT" skipped="0">
  <testcase classname="com.example.testgrouping.paymenttests" name="paymentinruppees" time="0.000"/>
  <testcase classname="com.example.testgrouping.paymenttests" name="paymentindollars" time="0.001"/>
</testsuite> <!-- com.example.testgrouping.paymenttests -->
