<?xml version="1.0" encoding="UTF-8"?>
<!-- Generated by org.testng.reporters.JUnitReportReporter -->
<testsuite hostname="LAP132PC" failures="0" tests="2" name="com.example.testgrouping.loginTests" time="0.005" errors="0" timestamp="2025-12-15T15:04:21 PKT" skipped="0">
  <testcase classname="com.example.testgrouping.loginTests" name="loginByEmail" time="0.005"/>
  <testcase classname="com.example.testgrouping.loginTests" name="loginByFacebook" time="0.000"/>
</testsuite> <!-- com.example.testgrouping.loginTests -->
