<?xml version="1.0" encoding="UTF-8"?>
<!-- Generated by org.testng.reporters.JUnitReportReporter -->
<testsuite hostname="LAP132PC" failures="0" tests="5" name="com.example.DependencyMethods" time="0.007" errors="0" timestamp="2025-12-15T11:48:22 PKT" skipped="0">
  <testcase classname="com.example.DependencyMethods" name="openapp" time="0.005"/>
  <testcase classname="com.example.DependencyMethods" name="login" time="0.001"/>
  <testcase classname="com.example.DependencyMethods" name="search" time="0.000"/>
  <testcase classname="com.example.DependencyMethods" name="advsearch" time="0.000"/>
  <testcase classname="com.example.DependencyMethods" name="logut" time="0.001"/>
</testsuite> <!-- com.example.DependencyMethods -->
