<?xml version="1.0" encoding="UTF-8"?>
<!-- Generated by org.testng.reporters.JUnitReportReporter -->
<testsuite hostname="LAP132PC" failures="0" tests="2" name="com.example.day45.paralleltests" time="0.002" errors="0" timestamp="2025-12-15T19:51:59 PKT" skipped="0">
  <testcase classname="com.example.day45.paralleltests" name="testParallel" time="0.000"/>
  <testcase classname="com.example.day45.paralleltests" name="testParallel" time="0.002"/>
</testsuite> <!-- com.example.day45.paralleltests -->
